# JRE version: OpenJDK Runtime Environment Microsoft-9388408 (17.0.11+9) (build 17.0.11+9-LTS)
# Java VM: OpenJDK 64-Bit Server VM Microsoft-9388408 (17.0.11+9-LTS, mixed mode, sharing, tiered, compressed oops, compressed class ptrs, g1 gc, windows-amd64)
GC Precious Log:
 CPUs: 8 total, 8 available
 Memory: 12171M
 Large Page Support: Disabled
 NUMA Support: Disabled
 Compressed Oops: Enabled (32-bit)
 Heap Region Size: 1M
 Heap Min Capacity: 8M
 Heap Initial Capacity: 192M
 Heap Max Capacity: 2G
 Pre-touch: Disabled
 Parallel Workers: 8
 Concurrent Workers: 2
 Concurrent Refinement Workers: 8
 Periodic GC: Disabled
Heap:
 garbage-first heap   total 446464K, used 384795K [0x0000000080000000, 0x0000000100000000)
  region size 1024K, 37 young (37888K), 3 survivors (3072K)
 Metaspace       used 129724K, committed 131904K, reserved 557056K
  class space    used 17815K, committed 18816K, reserved 425984K
GC Heap History (20 events):
Event: 66.032 GC heap before
{Heap before GC invocations=82 (full 0):
 garbage-first heap   total 446464K, used 388040K [0x0000000080000000, 0x0000000100000000)
  region size 1024K, 47 young (48128K), 4 survivors (4096K)
 Metaspace       used 119142K, committed 121216K, reserved 557056K
  class space    used 16602K, committed 17536K, reserved 425984K
}
Event: 66.036 GC heap after
{Heap after GC invocations=83 (full 0):
 garbage-first heap   total 446464K, used 345502K [0x0000000080000000, 0x0000000100000000)
  region size 1024K, 4 young (4096K), 4 survivors (4096K)
 Metaspace       used 119142K, committed 121216K, reserved 557056K
  class space    used 16602K, committed 17536K, reserved 425984K
}
Event: 66.228 GC heap before
{Heap before GC invocations=83 (full 0):
 garbage-first heap   total 446464K, used 387486K [0x0000000080000000, 0x0000000100000000)
  region size 1024K, 46 young (47104K), 4 survivors (4096K)
 Metaspace       used 119146K, committed 121216K, reserved 557056K
  class space    used 16602K, committed 17536K, reserved 425984K
}
Event: 66.231 GC heap after
{Heap after GC invocations=84 (full 0):
 garbage-first heap   total 446464K, used 346144K [0x0000000080000000, 0x0000000100000000)
  region size 1024K, 4 young (4096K), 4 survivors (4096K)
 Metaspace       used 119146K, committed 121216K, reserved 557056K
  class space    used 16602K, committed 17536K, reserved 425984K
}
Event: 66.822 GC heap before
{Heap before GC invocations=84 (full 0):
 garbage-first heap   total 446464K, used 394272K [0x0000000080000000, 0x0000000100000000)
  region size 1024K, 47 young (48128K), 4 survivors (4096K)
 Metaspace       used 121760K, committed 123904K, reserved 557056K
  class space    used 16870K, committed 17856K, reserved 425984K
}
Event: 66.827 GC heap after
{Heap after GC invocations=85 (full 0):
 garbage-first heap   total 446464K, used 347346K [0x0000000080000000, 0x0000000100000000)
  region size 1024K, 5 young (5120K), 5 survivors (5120K)
 Metaspace       used 121760K, committed 123904K, reserved 557056K
  class space    used 16870K, committed 17856K, reserved 425984K
}
Event: 68.206 GC heap before
{Heap before GC invocations=85 (full 0):
 garbage-first heap   total 446464K, used 390354K [0x0000000080000000, 0x0000000100000000)
  region size 1024K, 48 young (49152K), 5 survivors (5120K)
 Metaspace       used 123410K, committed 125632K, reserved 557056K
  class space    used 17052K, committed 18048K, reserved 425984K
}
Event: 68.212 GC heap after
{Heap after GC invocations=86 (full 0):
 garbage-first heap   total 446464K, used 348628K [0x0000000080000000, 0x0000000100000000)
  region size 1024K, 5 young (5120K), 5 survivors (5120K)
 Metaspace       used 123410K, committed 125632K, reserved 557056K
  class space    used 17052K, committed 18048K, reserved 425984K
}
Event: 68.493 GC heap before
{Heap before GC invocations=86 (full 0):
 garbage-first heap   total 446464K, used 389588K [0x0000000080000000, 0x0000000100000000)
  region size 1024K, 46 young (47104K), 5 survivors (5120K)
 Metaspace       used 123922K, committed 126080K, reserved 557056K
  class space    used 17123K, committed 18112K, reserved 425984K
}
Event: 68.499 GC heap after
{Heap after GC invocations=87 (full 0):
 garbage-first heap   total 446464K, used 349802K [0x0000000080000000, 0x0000000100000000)
  region size 1024K, 4 young (4096K), 4 survivors (4096K)
 Metaspace       used 123922K, committed 126080K, reserved 557056K
  class space    used 17123K, committed 18112K, reserved 425984K
}
Event: 932.543 GC heap before
{Heap before GC invocations=87 (full 0):
 garbage-first heap   total 446464K, used 390762K [0x0000000080000000, 0x0000000100000000)
  region size 1024K, 44 young (45056K), 4 survivors (4096K)
 Metaspace       used 124342K, committed 126528K, reserved 557056K
  class space    used 17162K, committed 18176K, reserved 425984K
}
Event: 932.548 GC heap after
{Heap after GC invocations=88 (full 0):
 garbage-first heap   total 446464K, used 350404K [0x0000000080000000, 0x0000000100000000)
  region size 1024K, 1 young (1024K), 1 survivors (1024K)
 Metaspace       used 124342K, committed 126528K, reserved 557056K
  class space    used 17162K, committed 18176K, reserved 425984K
}
Event: 3234.651 GC heap before
{Heap before GC invocations=88 (full 0):
 garbage-first heap   total 446464K, used 391364K [0x0000000080000000, 0x0000000100000000)
  region size 1024K, 42 young (43008K), 1 survivors (1024K)
 Metaspace       used 124449K, committed 126656K, reserved 557056K
  class space    used 17162K, committed 18176K, reserved 425984K
}
Event: 3234.653 GC heap after
{Heap after GC invocations=89 (full 0):
 garbage-first heap   total 446464K, used 350062K [0x0000000080000000, 0x0000000100000000)
  region size 1024K, 1 young (1024K), 1 survivors (1024K)
 Metaspace       used 124449K, committed 126656K, reserved 557056K
  class space    used 17162K, committed 18176K, reserved 425984K
}
Event: 5724.654 GC heap before
{Heap before GC invocations=89 (full 0):
 garbage-first heap   total 446464K, used 393070K [0x0000000080000000, 0x0000000100000000)
  region size 1024K, 43 young (44032K), 1 survivors (1024K)
 Metaspace       used 124457K, committed 126656K, reserved 557056K
  class space    used 17162K, committed 18176K, reserved 425984K
}
Event: 5724.658 GC heap after
{Heap after GC invocations=90 (full 0):
 garbage-first heap   total 446464K, used 350013K [0x0000000080000000, 0x0000000100000000)
  region size 1024K, 1 young (1024K), 1 survivors (1024K)
 Metaspace       used 124457K, committed 126656K, reserved 557056K
  class space    used 17162K, committed 18176K, reserved 425984K
}
Event: 7956.697 GC heap before
{Heap before GC invocations=90 (full 0):
 garbage-first heap   total 446464K, used 394045K [0x0000000080000000, 0x0000000100000000)
  region size 1024K, 44 young (45056K), 1 survivors (1024K)
 Metaspace       used 124484K, committed 126656K, reserved 557056K
  class space    used 17165K, committed 18176K, reserved 425984K
}
Event: 7956.704 GC heap after
{Heap after GC invocations=91 (full 0):
 garbage-first heap   total 446464K, used 350395K [0x0000000080000000, 0x0000000100000000)
  region size 1024K, 1 young (1024K), 1 survivors (1024K)
 Metaspace       used 124484K, committed 126656K, reserved 557056K
  class space    used 17165K, committed 18176K, reserved 425984K
}
Event: 7957.816 GC heap before
{Heap before GC invocations=91 (full 0):
 garbage-first heap   total 446464K, used 359611K [0x0000000080000000, 0x0000000100000000)
  region size 1024K, 12 young (12288K), 1 survivors (1024K)
 Metaspace       used 125814K, committed 128000K, reserved 557056K
  class space    used 17305K, committed 18304K, reserved 425984K
}
Event: 7957.844 GC heap after
{Heap after GC invocations=92 (full 0):
 garbage-first heap   total 446464K, used 352027K [0x0000000080000000, 0x0000000100000000)
  region size 1024K, 3 young (3072K), 3 survivors (3072K)
 Metaspace       used 125814K, committed 128000K, reserved 557056K
  class space    used 17305K, committed 18304K, reserved 425984K
}

